2025-12-30 17:37:12: Bot commands registered successfully for private chats
2025-12-30 17:37:12: Starting bot in POLLING mode...
2025-12-30 17:37:18: Bot commands registered successfully for private chats
2025-12-30 17:37:18: Starting bot in POLLING mode...
2025-12-30 17:37:25: Bot commands registered successfully for private chats
2025-12-30 17:37:25: Starting bot in POLLING mode...
2025-12-30 17:37:32: Bot commands registered successfully for private chats
2025-12-30 17:37:33: Starting bot in POLLING mode...
2025-12-30 17:37:40: Bot commands registered successfully for private chats
2025-12-30 17:37:40: Starting bot in POLLING mode...
2025-12-30 17:37:48: Bot commands registered successfully for private chats
2025-12-30 17:37:48: Starting bot in POLLING mode...
2025-12-30 17:38:01: Bot commands registered successfully for private chats
2025-12-30 17:38:01: Starting bot in POLLING mode...
2025-12-30 17:38:08: Bot commands registered successfully for private chats
2025-12-30 17:38:08: Starting bot in POLLING mode...
2025-12-30 17:38:16: Bot commands registered successfully for private chats
2025-12-30 17:38:16: Starting bot in POLLING mode...
2025-12-30 17:38:22: Starting bot in POLLING mode...
2025-12-30 17:38:30: Bot commands registered successfully for private chats
2025-12-30 17:38:30: Starting bot in POLLING mode...
2025-12-30 17:38:38: Bot commands registered successfully for private chats
2025-12-30 17:38:38: Starting bot in POLLING mode...
2025-12-30 17:38:45: Bot commands registered successfully for private chats
2025-12-30 17:38:45: Starting bot in POLLING mode...
2025-12-30 17:38:52: Bot commands registered successfully for private chats
2025-12-30 17:38:52: Starting bot in POLLING mode...
2025-12-30 17:39:04: Starting bot in POLLING mode...
2025-12-30 17:39:11: Bot commands registered successfully for private chats
2025-12-30 17:39:11: Starting bot in POLLING mode...
2025-12-30 17:39:18: Bot commands registered successfully for private chats
2025-12-30 17:39:18: Starting bot in POLLING mode...
2025-12-30 17:39:25: Bot commands registered successfully for private chats
2025-12-30 17:39:25: Starting bot in POLLING mode...
2025-12-30 17:39:32: Starting bot in POLLING mode...
2025-12-30 17:39:40: Bot commands registered successfully for private chats
2025-12-30 17:39:40: Starting bot in POLLING mode...
2025-12-30 17:39:48: Bot commands registered successfully for private chats
2025-12-30 17:39:48: Starting bot in POLLING mode...
2025-12-30 17:39:54: Bot commands registered successfully for private chats
2025-12-30 17:39:54: Starting bot in POLLING mode...
2025-12-30 17:40:01: Starting bot in POLLING mode...
2025-12-30 17:40:14: Starting bot in POLLING mode...
2025-12-30 17:40:22: Bot commands registered successfully for private chats
2025-12-30 17:40:22: Starting bot in POLLING mode...
2025-12-30 17:40:30: Bot commands registered successfully for private chats
2025-12-30 17:40:30: Starting bot in POLLING mode...
2025-12-30 17:40:37: Bot commands registered successfully for private chats
2025-12-30 17:40:37: Starting bot in POLLING mode...
2025-12-30 17:40:44: Bot commands registered successfully for private chats
2025-12-30 17:40:44: Starting bot in POLLING mode...
2025-12-30 17:40:50: Bot commands registered successfully for private chats
2025-12-30 17:40:50: Starting bot in POLLING mode...
2025-12-30 17:40:56: Starting bot in POLLING mode...
2025-12-30 17:41:06: Bot commands registered successfully for private chats
2025-12-30 17:41:06: Starting bot in POLLING mode...
2025-12-30 17:41:16: Bot commands registered successfully for private chats
2025-12-30 17:41:16: Starting bot in POLLING mode...
2025-12-30 17:41:22: Starting bot in POLLING mode...
2025-12-30 17:41:34: Starting bot in POLLING mode...
2025-12-30 17:41:42: Bot commands registered successfully for private chats
2025-12-30 17:41:42: Starting bot in POLLING mode...
2025-12-30 17:41:48: Starting bot in POLLING mode...
2025-12-30 17:42:00: Bot commands registered successfully for private chats
2025-12-30 17:42:00: Starting bot in POLLING mode...
2025-12-30 17:42:07: Bot commands registered successfully for private chats
2025-12-30 17:42:07: Starting bot in POLLING mode...
2025-12-30 17:42:18: Bot commands registered successfully for private chats
2025-12-30 17:42:18: Starting bot in POLLING mode...
2025-12-30 17:42:26: Bot commands registered successfully for private chats
2025-12-30 17:42:26: Starting bot in POLLING mode...
2025-12-30 17:42:33: Bot commands registered successfully for private chats
2025-12-30 17:42:33: Starting bot in POLLING mode...
2025-12-30 17:42:40: Bot commands registered successfully for private chats
2025-12-30 17:42:40: Starting bot in POLLING mode...
2025-12-30 17:42:47: Bot commands registered successfully for private chats
2025-12-30 17:42:47: Starting bot in POLLING mode...
2025-12-30 17:42:54: Bot commands registered successfully for private chats
2025-12-30 17:42:54: Starting bot in POLLING mode...
2025-12-30 17:43:06: Bot commands registered successfully for private chats
2025-12-30 17:43:06: Starting bot in POLLING mode...
2025-12-30 17:43:13: Bot commands registered successfully for private chats
2025-12-30 17:43:13: Starting bot in POLLING mode...
2025-12-30 17:43:19: Starting bot in POLLING mode...
2025-12-30 17:43:27: Bot commands registered successfully for private chats
2025-12-30 17:43:27: Starting bot in POLLING mode...
2025-12-30 17:43:33: Starting bot in POLLING mode...
2025-12-30 17:43:45: Bot commands registered successfully for private chats
2025-12-30 17:43:45: Starting bot in POLLING mode...
2025-12-30 17:43:52: Bot commands registered successfully for private chats
2025-12-30 17:43:52: Starting bot in POLLING mode...
2025-12-30 17:44:01: Bot commands registered successfully for private chats
2025-12-30 17:44:01: Starting bot in POLLING mode...
2025-12-30 17:44:08: Starting bot in POLLING mode...
2025-12-30 17:44:17: Bot commands registered successfully for private chats
2025-12-30 17:44:17: Starting bot in POLLING mode...
2025-12-30 17:44:24: Bot commands registered successfully for private chats
2025-12-30 17:44:24: Starting bot in POLLING mode...
2025-12-30 17:44:36: Bot commands registered successfully for private chats
2025-12-30 17:44:36: Starting bot in POLLING mode...
2025-12-30 17:44:43: Starting bot in POLLING mode...
2025-12-30 17:44:50: Bot commands registered successfully for private chats
2025-12-30 17:44:50: Starting bot in POLLING mode...
2025-12-30 17:44:57: Bot commands registered successfully for private chats
2025-12-30 17:44:57: Starting bot in POLLING mode...
2025-12-30 17:45:03: Starting bot in POLLING mode...
2025-12-30 17:45:10: Starting bot in POLLING mode...
2025-12-30 17:45:27: Bot commands registered successfully for private chats
2025-12-30 17:45:27: Starting bot in POLLING mode...
2025-12-30 17:45:35: Bot commands registered successfully for private chats
2025-12-30 17:45:35: Starting bot in POLLING mode...
2025-12-30 17:45:42: Bot commands registered successfully for private chats
2025-12-30 17:45:42: Starting bot in POLLING mode...
2025-12-30 17:45:49: Bot commands registered successfully for private chats
2025-12-30 17:45:49: Starting bot in POLLING mode...
2025-12-30 17:46:01: Starting bot in POLLING mode...
2025-12-30 17:46:15: Starting bot in POLLING mode...
2025-12-30 17:46:23: Bot commands registered successfully for private chats
2025-12-30 17:46:23: Starting bot in POLLING mode...
2025-12-30 17:46:24: Express server running on port 3001 (Supabase Webhooks & Health - NO Bot Webhook)
2025-12-30 17:49:29: Bot commands registered successfully for private chats
2025-12-30 17:49:29: Starting bot in POLLING mode...
2025-12-30 17:49:29: Express server running on port 3001 (Supabase Webhooks & Health - NO Bot Webhook)
2025-12-30 17:53:00: handleStart debugging: {
2025-12-30 17:53:00:   chatId: 6077795580,
2025-12-30 17:53:00:   telegramId: 6077795580,
2025-12-30 17:53:00:   miniAppUrl: 'https://fin1pro.vercel.app'
2025-12-30 17:53:00: }
2025-12-30 17:53:14: handleStart debugging: {
2025-12-30 17:53:14:   chatId: 6077795580,
2025-12-30 17:53:14:   telegramId: 6077795580,
2025-12-30 17:53:14:   miniAppUrl: 'https://fin1pro.vercel.app'
2025-12-30 17:53:14: }
2025-12-30 17:56:24: handleStart debugging: {
2025-12-30 17:56:24:   chatId: 6077795580,
2025-12-30 17:56:24:   telegramId: 6077795580,
2025-12-30 17:56:24:   miniAppUrl: 'https://fin1pro.vercel.app'
2025-12-30 17:56:24: }
2025-12-30 18:00:46: handleStart debugging: {
2025-12-30 18:00:46:   chatId: 6077795580,
2025-12-30 18:00:46:   telegramId: 6077795580,
2025-12-30 18:00:46:   miniAppUrl: 'https://fin1pro.vercel.app'
2025-12-30 18:00:46: }
2025-12-30 18:01:27: handleStart debugging: {
2025-12-30 18:01:27:   chatId: 6077795580,
2025-12-30 18:01:27:   telegramId: 6077795580,
2025-12-30 18:01:27:   miniAppUrl: 'https://fin1pro.vercel.app'
2025-12-30 18:01:27: }
